\BOOKMARK [1][-]{section.1}{\376\377\000I\000n\000t\000r\000o\000d\000u\000c\000t\000i\000o\000n}{}% 1
\BOOKMARK [1][-]{section.2}{\376\377\000R\000e\000l\000a\000t\000e\000d\000\040\000W\000o\000r\000k}{}% 2
\BOOKMARK [1][-]{section.3}{\376\377\000R\000P\000I\000\040\000E\000n\000g\000i\000n\000e\000\040\000A\000r\000c\000h\000i\000t\000e\000c\000t\000u\000r\000e}{}% 3
\BOOKMARK [2][-]{subsection.3.1}{\376\377\000P\000e\000r\000m\000u\000t\000a\000t\000i\000o\000n\000\040\000C\000e\000l\000l\000s}{section.3}% 4
\BOOKMARK [2][-]{subsection.3.2}{\376\377\000F\000o\000u\000r\000-\000B\000a\000n\000k\000\040\000O\000r\000g\000a\000n\000i\000z\000a\000t\000i\000o\000n}{section.3}% 5
\BOOKMARK [2][-]{subsection.3.3}{\376\377\000I\000n\000f\000e\000r\000e\000n\000c\000e\000\040\000L\000o\000o\000p}{section.3}% 6
\BOOKMARK [2][-]{subsection.3.4}{\376\377\000M\000o\000d\000e\000l\000\040\000D\000i\000s\000t\000i\000l\000l\000a\000t\000i\000o\000n}{section.3}% 7
\BOOKMARK [1][-]{section.4}{\376\377\000C\000a\000c\000h\000e\000-\000R\000e\000s\000o\000n\000a\000n\000c\000e\000\040\000A\000t\000t\000e\000n\000t\000i\000o\000n}{}% 8
\BOOKMARK [1][-]{section.5}{\376\377\000N\000U\000M\000A\000-\000A\000w\000a\000r\000e\000\040\000C\000e\000l\000l\000\040\000B\000a\000n\000k\000i\000n\000g}{}% 9
\BOOKMARK [2][-]{subsection.5.1}{\376\377\000T\000o\000p\000o\000l\000o\000g\000y\000\040\000M\000a\000p\000p\000i\000n\000g}{section.5}% 10
\BOOKMARK [2][-]{subsection.5.2}{\376\377\000N\000e\000u\000r\000o\000m\000o\000r\000p\000h\000i\000c\000\040\000R\000o\000u\000t\000i\000n\000g}{section.5}% 11
\BOOKMARK [1][-]{section.6}{\376\377\000D\000u\000a\000l\000-\000B\000r\000a\000i\000n\000\040\000A\000r\000c\000h\000i\000t\000e\000c\000t\000u\000r\000e}{}% 12
\BOOKMARK [2][-]{subsection.6.1}{\376\377\000S\000p\000e\000c\000u\000l\000a\000t\000i\000v\000e\000\040\000D\000r\000a\000f\000t\000\040\000M\000o\000d\000e}{section.6}% 13
\BOOKMARK [2][-]{subsection.6.2}{\376\377\000I\000n\000p\000u\000t\000\040\000R\000o\000u\000t\000e\000r\000\040\000M\000o\000d\000e}{section.6}% 14
\BOOKMARK [2][-]{subsection.6.3}{\376\377\000H\000y\000b\000r\000i\000d\000\040\000G\000e\000n\000e\000r\000a\000t\000i\000o\000n}{section.6}% 15
\BOOKMARK [1][-]{section.7}{\376\377\000E\000v\000a\000l\000u\000a\000t\000i\000o\000n}{}% 16
\BOOKMARK [2][-]{subsection.7.1}{\376\377\000T\000h\000r\000o\000u\000g\000h\000p\000u\000t}{section.7}% 17
\BOOKMARK [2][-]{subsection.7.2}{\376\377\000M\000o\000d\000e\000l\000\040\000S\000i\000z\000e\000\040\000v\000s\000\040\000Q\000u\000a\000l\000i\000t\000y}{section.7}% 18
\BOOKMARK [2][-]{subsection.7.3}{\376\377\000S\000p\000e\000c\000u\000l\000a\000t\000i\000v\000e\000\040\000D\000r\000a\000f\000t\000\040\000A\000c\000c\000e\000p\000t\000a\000n\000c\000e}{section.7}% 19
\BOOKMARK [2][-]{subsection.7.4}{\376\377\000H\000a\000r\000d\000w\000a\000r\000e\000\040\000E\000n\000t\000r\000o\000p\000y\000\040\000D\000i\000v\000e\000r\000g\000e\000n\000c\000e}{section.7}% 20
\BOOKMARK [1][-]{section.8}{\376\377\000T\000h\000e\000\040\000N\0006\0004\000\040\000I\000m\000p\000l\000e\000m\000e\000n\000t\000a\000t\000i\000o\000n}{}% 21
\BOOKMARK [1][-]{section.9}{\376\377\000T\000h\000e\000o\000r\000e\000t\000i\000c\000a\000l\000\040\000A\000n\000a\000l\000y\000s\000i\000s}{}% 22
\BOOKMARK [2][-]{subsection.9.1}{\376\377\000R\000P\000I\000\040\000a\000s\000\040\000D\000e\000g\000e\000n\000e\000r\000a\000t\000e\000\040\000A\000t\000t\000e\000n\000t\000i\000o\000n}{section.9}% 23
\BOOKMARK [2][-]{subsection.9.2}{\376\377\000C\000o\000m\000p\000l\000e\000x\000i\000t\000y}{section.9}% 24
\BOOKMARK [1][-]{section.10}{\376\377\000D\000i\000s\000c\000u\000s\000s\000i\000o\000n}{}% 25
\BOOKMARK [1][-]{section.11}{\376\377\000C\000o\000n\000c\000l\000u\000s\000i\000o\000n}{}% 26
